{
  message: '🛢   Database is connected successfully',
  level: 'info',
  service: 'user-service',
  label: 'right meow!',
  timestamp: '2023-06-17T05:56:26.553Z'
}
{
  message: 'Application  listening on port 5000',
  level: 'info',
  service: 'user-service',
  label: 'right meow!',
  timestamp: '2023-06-17T05:56:26.561Z'
}
{
  message: '🛢   Database is connected successfully',
  level: 'info',
  service: 'user-service',
  label: 'right meow!',
  timestamp: '2023-06-17T05:57:11.546Z'
}
{
  message: 'Application  listening on port 5000',
  level: 'info',
  service: 'user-service',
  label: 'right meow!',
  timestamp: '2023-06-17T05:57:11.552Z'
}
{
  message: '🛢   Database is connected successfully',
  level: 'info',
  service: 'user-service',
  label: 'right meow!',
  timestamp: '2023-06-17T05:57:35.780Z'
}
{
  message: 'Application  listening on port 5000',
  level: 'info',
  service: 'user-service',
  label: 'right meow!',
  timestamp: '2023-06-17T05:57:35.788Z'
}
