{
  message: 'connected to MongoDB',
  level: 'info',
  service: 'user-service',
  label: 'right meow!',
  timestamp: '2023-06-09T04:10:24.027Z'
}
{
  message: 'Application listening on port 5000',
  level: 'info',
  service: 'user-service',
  label: 'right meow!',
  timestamp: '2023-06-09T04:10:24.033Z'
}
{
  message: 'connected to MongoDB',
  level: 'info',
  service: 'user-service',
  label: 'right meow!',
  timestamp: '2023-06-09T04:11:59.354Z'
}
{
  message: 'Application listening on port 5000',
  level: 'info',
  service: 'user-service',
  label: 'right meow!',
  timestamp: '2023-06-09T04:11:59.360Z'
}
{
  message: 'connected to MongoDB',
  level: 'info',
  service: 'user-service',
  label: 'right meow!',
  timestamp: '2023-06-09T04:13:01.113Z'
}
{
  message: 'Application listening on port 5000',
  level: 'info',
  service: 'user-service',
  label: 'right meow!',
  timestamp: '2023-06-09T04:13:01.119Z'
}
{
  message: 'connected to MongoDB',
  level: 'info',
  service: 'user-service',
  label: 'right meow!',
  timestamp: '2023-06-09T04:13:41.722Z'
}
{
  message: 'Application listening on port 5000',
  level: 'info',
  service: 'user-service',
  label: 'right meow!',
  timestamp: '2023-06-09T04:13:41.736Z'
}
{
  message: 'connected to MongoDB',
  level: 'info',
  service: 'user-service',
  label: 'right meow!',
  timestamp: '2023-06-09T04:14:01.056Z'
}
{
  message: 'Application listening on port 5000',
  level: 'info',
  service: 'user-service',
  label: 'right meow!',
  timestamp: '2023-06-09T04:14:01.064Z'
}
{
  message: 'connected to MongoDB',
  level: 'info',
  service: 'user-service',
  label: 'right meow!',
  timestamp: '2023-06-09T04:14:26.865Z'
}
{
  message: 'Application listening on port 5000',
  level: 'info',
  service: 'user-service',
  label: 'right meow!',
  timestamp: '2023-06-09T04:14:26.871Z'
}
{
  message: 'connected to MongoDB',
  level: 'info',
  service: 'user-service',
  label: 'right meow!',
  timestamp: '2023-06-09T04:15:28.100Z'
}
{
  message: 'Application listening on port 5000',
  level: 'info',
  service: 'user-service',
  label: 'right meow!',
  timestamp: '2023-06-09T04:15:28.106Z'
}
{
  message: 'connected to MongoDB',
  level: 'info',
  service: 'user-service',
  label: 'right meow!',
  timestamp: '2023-06-09T04:15:45.308Z'
}
{
  message: 'Application listening on port 5000',
  level: 'info',
  service: 'user-service',
  label: 'right meow!',
  timestamp: '2023-06-09T04:15:45.314Z'
}
{
  message: 'connected to MongoDB',
  level: 'info',
  service: 'user-service',
  label: 'right meow!',
  timestamp: '2023-06-09T04:20:02.997Z'
}
{
  message: 'Application listening on port 5000',
  level: 'info',
  service: 'user-service',
  label: 'right meow!',
  timestamp: '2023-06-09T04:20:03.003Z'
}
{
  message: 'connected to MongoDB',
  level: 'info',
  service: 'user-service',
  label: 'right meow!',
  timestamp: '2023-06-09T04:20:36.521Z'
}
{
  message: 'Application listening on port 5000',
  level: 'info',
  service: 'user-service',
  label: 'right meow!',
  timestamp: '2023-06-09T04:20:36.528Z'
}
{
  message: 'connected to MongoDB',
  level: 'info',
  service: 'user-service',
  label: 'right meow!',
  timestamp: '2023-06-09T04:22:14.622Z'
}
{
  message: 'Application listening on port 5000',
  level: 'info',
  service: 'user-service',
  label: 'right meow!',
  timestamp: '2023-06-09T04:22:14.628Z'
}
{
  message: 'connected to MongoDB',
  level: 'info',
  service: 'user-service',
  label: 'right meow!',
  timestamp: '2023-06-09T04:22:30.015Z'
}
{
  message: 'Application listening on port 5000',
  level: 'info',
  service: 'user-service',
  label: 'right meow!',
  timestamp: '2023-06-09T04:22:30.020Z'
}
{
  message: 'connected to MongoDB',
  level: 'info',
  service: 'user-service',
  label: 'right meow!',
  timestamp: '2023-06-09T04:30:56.460Z'
}
{
  message: 'Application listening on port 5000',
  level: 'info',
  service: 'user-service',
  label: 'right meow!',
  timestamp: '2023-06-09T04:30:56.466Z'
}
{
  message: 'connected to MongoDB',
  level: 'info',
  service: 'user-service',
  label: 'right meow!',
  timestamp: '2023-06-09T04:31:16.679Z'
}
{
  message: 'Application listening on port 5000',
  level: 'info',
  service: 'user-service',
  label: 'right meow!',
  timestamp: '2023-06-09T04:31:16.690Z'
}
{
  message: 'connected to MongoDB',
  level: 'info',
  service: 'user-service',
  label: 'right meow!',
  timestamp: '2023-06-09T04:31:43.995Z'
}
{
  message: 'Application listening on port 5000',
  level: 'info',
  service: 'user-service',
  label: 'right meow!',
  timestamp: '2023-06-09T04:31:44.002Z'
}
{
  message: 'connected to MongoDB',
  level: 'info',
  service: 'user-service',
  label: 'right meow!',
  timestamp: '2023-06-09T04:32:11.817Z'
}
{
  message: 'Application listening on port 5000',
  level: 'info',
  service: 'user-service',
  label: 'right meow!',
  timestamp: '2023-06-09T04:32:11.823Z'
}
{
  message: 'connected to MongoDB',
  level: 'info',
  service: 'user-service',
  label: 'right meow!',
  timestamp: '2023-06-09T04:33:23.419Z'
}
{
  message: 'Application listening on port 5000',
  level: 'info',
  service: 'user-service',
  label: 'right meow!',
  timestamp: '2023-06-09T04:33:23.425Z'
}
{
  message: 'connected to MongoDB',
  level: 'info',
  service: 'user-service',
  label: 'right meow!',
  timestamp: '2023-06-09T04:33:58.203Z'
}
{
  message: 'Application listening on port 5000',
  level: 'info',
  service: 'user-service',
  label: 'right meow!',
  timestamp: '2023-06-09T04:33:58.211Z'
}
{
  message: 'connected to MongoDB',
  level: 'info',
  service: 'user-service',
  label: 'right meow!',
  timestamp: '2023-06-09T04:34:23.833Z'
}
{
  message: 'Application listening on port 5000',
  level: 'info',
  service: 'user-service',
  label: 'right meow!',
  timestamp: '2023-06-09T04:34:23.841Z'
}
{
  message: 'connected to MongoDB',
  level: 'info',
  service: 'user-service',
  label: 'right meow!',
  timestamp: '2023-06-09T04:35:05.682Z'
}
{
  message: 'Application listening on port 5000',
  level: 'info',
  service: 'user-service',
  label: 'right meow!',
  timestamp: '2023-06-09T04:35:05.688Z'
}
{
  message: 'connected to MongoDB',
  level: 'info',
  service: 'user-service',
  label: 'right meow!',
  timestamp: '2023-06-09T04:35:14.111Z'
}
{
  message: 'Application listening on port 5000',
  level: 'info',
  service: 'user-service',
  label: 'right meow!',
  timestamp: '2023-06-09T04:35:14.117Z'
}
{
  message: 'connected to MongoDB',
  level: 'info',
  service: 'user-service',
  label: 'right meow!',
  timestamp: '2023-06-09T04:36:00.614Z'
}
{
  message: 'Application listening on port 5000',
  level: 'info',
  service: 'user-service',
  label: 'right meow!',
  timestamp: '2023-06-09T04:36:00.620Z'
}
{
  message: 'connected to MongoDB',
  level: 'info',
  service: 'user-service',
  label: 'right meow!',
  timestamp: '2023-06-09T04:37:50.746Z'
}
{
  message: 'Application listening on port 5000',
  level: 'info',
  service: 'user-service',
  label: 'right meow!',
  timestamp: '2023-06-09T04:37:50.752Z'
}
{
  message: 'connected to MongoDB',
  level: 'info',
  service: 'user-service',
  label: 'right meow!',
  timestamp: '2023-06-09T04:39:10.835Z'
}
{
  message: 'Application listening on port 5000',
  level: 'info',
  service: 'user-service',
  label: 'right meow!',
  timestamp: '2023-06-09T04:39:10.842Z'
}
{
  message: 'connected to MongoDB',
  level: 'info',
  service: 'user-service',
  label: 'right meow!',
  timestamp: '2023-06-09T04:40:44.400Z'
}
{
  message: 'Application listening on port 5000',
  level: 'info',
  service: 'user-service',
  label: 'right meow!',
  timestamp: '2023-06-09T04:40:44.406Z'
}
{
  message: 'connected to MongoDB',
  level: 'info',
  service: 'user-service',
  label: 'right meow!',
  timestamp: '2023-06-09T04:40:53.968Z'
}
{
  message: 'Application listening on port 5000',
  level: 'info',
  service: 'user-service',
  label: 'right meow!',
  timestamp: '2023-06-09T04:40:53.974Z'
}
{
  message: 'connected to MongoDB',
  level: 'info',
  service: 'user-service',
  label: 'right meow!',
  timestamp: '2023-06-09T04:43:26.946Z'
}
{
  message: 'Application listening on port 5000',
  level: 'info',
  service: 'user-service',
  label: 'right meow!',
  timestamp: '2023-06-09T04:43:26.952Z'
}
{
  message: 'connected to MongoDB',
  level: 'info',
  service: 'user-service',
  label: 'right meow!',
  timestamp: '2023-06-09T04:44:19.426Z'
}
{
  message: 'Application listening on port 5000',
  level: 'info',
  service: 'user-service',
  label: 'right meow!',
  timestamp: '2023-06-09T04:44:19.432Z'
}
{
  message: 'connected to MongoDB',
  level: 'info',
  service: 'user-service',
  label: 'right meow!',
  timestamp: '2023-06-09T04:44:45.039Z'
}
{
  message: 'Application listening on port 5000',
  level: 'info',
  service: 'user-service',
  label: 'right meow!',
  timestamp: '2023-06-09T04:44:45.045Z'
}
{
  message: 'connected to MongoDB',
  level: 'info',
  service: 'user-service',
  label: 'right meow!',
  timestamp: '2023-06-09T04:45:11.232Z'
}
{
  message: 'Application listening on port 5000',
  level: 'info',
  service: 'user-service',
  label: 'right meow!',
  timestamp: '2023-06-09T04:45:11.239Z'
}
