{
  message: 'connected to MongoDB',
  level: 'info',
  service: 'user-service',
  label: 'right meow!',
  timestamp: '2023-06-16T19:00:58.158Z'
}
{
  message: 'Application listening on port 5000',
  level: 'info',
  service: 'user-service',
  label: 'right meow!',
  timestamp: '2023-06-16T19:00:58.165Z'
}
{
  message: 'connected to MongoDB',
  level: 'info',
  service: 'user-service',
  label: 'right meow!',
  timestamp: '2023-06-16T19:02:13.181Z'
}
{
  message: 'Application listening on port 5000',
  level: 'info',
  service: 'user-service',
  label: 'right meow!',
  timestamp: '2023-06-16T19:02:13.188Z'
}
{
  message: 'connected to MongoDB',
  level: 'info',
  service: 'user-service',
  label: 'right meow!',
  timestamp: '2023-06-16T19:07:12.908Z'
}
{
  message: 'Application listening on port 5000',
  level: 'info',
  service: 'user-service',
  label: 'right meow!',
  timestamp: '2023-06-16T19:07:12.915Z'
}
{
  message: 'connected to MongoDB',
  level: 'info',
  service: 'user-service',
  label: 'right meow!',
  timestamp: '2023-06-16T19:09:20.923Z'
}
{
  message: 'Application listening on port 5000',
  level: 'info',
  service: 'user-service',
  label: 'right meow!',
  timestamp: '2023-06-16T19:09:20.931Z'
}
{
  message: 'connected to MongoDB',
  level: 'info',
  service: 'user-service',
  label: 'right meow!',
  timestamp: '2023-06-16T19:10:05.180Z'
}
{
  message: 'Application listening on port 5000',
  level: 'info',
  service: 'user-service',
  label: 'right meow!',
  timestamp: '2023-06-16T19:10:05.187Z'
}
{
  message: 'connected to MongoDB',
  level: 'info',
  service: 'user-service',
  label: 'right meow!',
  timestamp: '2023-06-16T19:12:34.054Z'
}
{
  message: 'Application listening on port 5000',
  level: 'info',
  service: 'user-service',
  label: 'right meow!',
  timestamp: '2023-06-16T19:12:34.061Z'
}
{
  message: 'connected to MongoDB',
  level: 'info',
  service: 'user-service',
  label: 'right meow!',
  timestamp: '2023-06-16T19:14:37.765Z'
}
{
  message: 'Application listening on port 5000',
  level: 'info',
  service: 'user-service',
  label: 'right meow!',
  timestamp: '2023-06-16T19:14:37.771Z'
}
{
  message: 'connected to MongoDB',
  level: 'info',
  service: 'user-service',
  label: 'right meow!',
  timestamp: '2023-06-16T19:16:15.375Z'
}
{
  message: 'Application listening on port 5000',
  level: 'info',
  service: 'user-service',
  label: 'right meow!',
  timestamp: '2023-06-16T19:16:15.383Z'
}
{
  message: 'connected to MongoDB',
  level: 'info',
  service: 'user-service',
  label: 'right meow!',
  timestamp: '2023-06-16T19:17:32.922Z'
}
{
  message: 'Application listening on port 5000',
  level: 'info',
  service: 'user-service',
  label: 'right meow!',
  timestamp: '2023-06-16T19:17:32.929Z'
}
{
  message: 'connected to MongoDB',
  level: 'info',
  service: 'user-service',
  label: 'right meow!',
  timestamp: '2023-06-16T19:21:55.744Z'
}
{
  message: 'Application listening on port 5000',
  level: 'info',
  service: 'user-service',
  label: 'right meow!',
  timestamp: '2023-06-16T19:21:55.751Z'
}
{
  message: 'connected to MongoDB',
  level: 'info',
  service: 'user-service',
  label: 'right meow!',
  timestamp: '2023-06-16T19:24:00.881Z'
}
{
  message: 'Application listening on port 5000',
  level: 'info',
  service: 'user-service',
  label: 'right meow!',
  timestamp: '2023-06-16T19:24:00.888Z'
}
{
  message: 'connected to MongoDB',
  level: 'info',
  service: 'user-service',
  label: 'right meow!',
  timestamp: '2023-06-16T19:25:53.176Z'
}
{
  message: 'Application listening on port 5000 and URL : mongodb+srv://university-admin:aoKZjlKfeXmYjK9T@cluster0.ogqtm.mongodb.net/university-management?retryWrites=true&w=majority',
  level: 'info',
  service: 'user-service',
  label: 'right meow!',
  timestamp: '2023-06-16T19:25:53.182Z'
}
{
  message: 'connected to MongoDB',
  level: 'info',
  service: 'user-service',
  label: 'right meow!',
  timestamp: '2023-06-16T19:27:41.740Z'
}
{
  message: 'Application listening on port 5000 and URL : mongodb+srv://university-admin:aoKZjlKfeXmYjK9T@cluster0.ogqtm.mongodb.net/university-management?retryWrites=true&w=majority',
  level: 'info',
  service: 'user-service',
  label: 'right meow!',
  timestamp: '2023-06-16T19:27:41.747Z'
}
{
  message: 'connected to MongoDB',
  level: 'info',
  service: 'user-service',
  label: 'right meow!',
  timestamp: '2023-06-16T19:28:07.957Z'
}
{
  message: 'Application listening on port 5000 and URL : mongodb+srv://university-admin:aoKZjlKfeXmYjK9T@cluster0.ogqtm.mongodb.net/university-management?retryWrites=true&w=majority',
  level: 'info',
  service: 'user-service',
  label: 'right meow!',
  timestamp: '2023-06-16T19:28:07.963Z'
}
{
  message: 'connected to MongoDB',
  level: 'info',
  service: 'user-service',
  label: 'right meow!',
  timestamp: '2023-06-16T19:29:24.186Z'
}
{
  message: 'Application listening on port 5000 and URL : mongodb+srv://university-admin:aoKZjlKfeXmYjK9T@cluster0.ogqtm.mongodb.net/university-management?retryWrites=true&w=majority',
  level: 'info',
  service: 'user-service',
  label: 'right meow!',
  timestamp: '2023-06-16T19:29:24.193Z'
}
{
  message: 'connected to MongoDB',
  level: 'info',
  service: 'user-service',
  label: 'right meow!',
  timestamp: '2023-06-16T19:30:14.761Z'
}
{
  message: 'Application listening on port 5000 and URL : mongodb+srv://university-admin:aoKZjlKfeXmYjK9T@cluster0.ogqtm.mongodb.net/university-management?retryWrites=true&w=majority',
  level: 'info',
  service: 'user-service',
  label: 'right meow!',
  timestamp: '2023-06-16T19:30:14.768Z'
}
{
  message: '🛢   Database is connected successfully',
  level: 'info',
  service: 'user-service',
  label: 'right meow!',
  timestamp: '2023-06-16T19:30:32.119Z'
}
{
  message: 'Application listening on port 5000 and URL : mongodb+srv://university-admin:aoKZjlKfeXmYjK9T@cluster0.ogqtm.mongodb.net/university-management?retryWrites=true&w=majority',
  level: 'info',
  service: 'user-service',
  label: 'right meow!',
  timestamp: '2023-06-16T19:30:32.125Z'
}
{
  message: '🛢   Database is connected successfully',
  level: 'info',
  service: 'user-service',
  label: 'right meow!',
  timestamp: '2023-06-16T19:31:59.339Z'
}
{
  message: 'Application listening on port 5000',
  level: 'info',
  service: 'user-service',
  label: 'right meow!',
  timestamp: '2023-06-16T19:31:59.346Z'
}
{
  message: '🛢   Database is connected successfully',
  level: 'info',
  service: 'user-service',
  label: 'right meow!',
  timestamp: '2023-06-16T19:32:15.922Z'
}
{
  message: 'Application  listening on port 5000',
  level: 'info',
  service: 'user-service',
  label: 'right meow!',
  timestamp: '2023-06-16T19:32:15.930Z'
}
{
  message: '🛢   Database is connected successfully',
  level: 'info',
  service: 'user-service',
  label: 'right meow!',
  timestamp: '2023-06-16T19:33:03.473Z'
}
{
  message: 'Application  listening on port 5000',
  level: 'info',
  service: 'user-service',
  label: 'right meow!',
  timestamp: '2023-06-16T19:33:03.481Z'
}
{
  message: '🛢   Database is connected successfully',
  level: 'info',
  service: 'user-service',
  label: 'right meow!',
  timestamp: '2023-06-16T19:34:10.792Z'
}
{
  message: 'Application  listening on port 5000',
  level: 'info',
  service: 'user-service',
  label: 'right meow!',
  timestamp: '2023-06-16T19:34:10.799Z'
}
{
  message: '🛢   Database is connected successfully',
  level: 'info',
  service: 'user-service',
  label: 'right meow!',
  timestamp: '2023-06-16T19:35:56.060Z'
}
{
  message: 'Application  listening on port 5000',
  level: 'info',
  service: 'user-service',
  label: 'right meow!',
  timestamp: '2023-06-16T19:35:56.071Z'
}
{
  message: '🛢   Database is connected successfully',
  level: 'info',
  service: 'user-service',
  label: 'right meow!',
  timestamp: '2023-06-16T19:36:07.146Z'
}
{
  message: 'Application  listening on port 5000',
  level: 'info',
  service: 'user-service',
  label: 'right meow!',
  timestamp: '2023-06-16T19:36:07.153Z'
}
{
  message: '🛢   Database is connected successfully',
  level: 'info',
  service: 'user-service',
  label: 'right meow!',
  timestamp: '2023-06-16T19:37:50.505Z'
}
{
  message: 'Application  listening on port 5000',
  level: 'info',
  service: 'user-service',
  label: 'right meow!',
  timestamp: '2023-06-16T19:37:50.512Z'
}
{
  message: '🛢   Database is connected successfully',
  level: 'info',
  service: 'user-service',
  label: 'right meow!',
  timestamp: '2023-06-16T19:39:46.504Z'
}
{
  message: 'Application  listening on port 5000',
  level: 'info',
  service: 'user-service',
  label: 'right meow!',
  timestamp: '2023-06-16T19:39:46.511Z'
}
{
  message: '🛢   Database is connected successfully',
  level: 'info',
  service: 'user-service',
  label: 'right meow!',
  timestamp: '2023-06-16T19:40:46.949Z'
}
{
  message: 'Application  listening on port 5000',
  level: 'info',
  service: 'user-service',
  label: 'right meow!',
  timestamp: '2023-06-16T19:40:46.957Z'
}
{
  message: '🛢   Database is connected successfully',
  level: 'info',
  service: 'user-service',
  label: 'right meow!',
  timestamp: '2023-06-16T19:41:28.528Z'
}
{
  message: 'Application  listening on port 5000',
  level: 'info',
  service: 'user-service',
  label: 'right meow!',
  timestamp: '2023-06-16T19:41:28.539Z'
}
{
  message: '🛢   Database is connected successfully',
  level: 'info',
  service: 'user-service',
  label: 'right meow!',
  timestamp: '2023-06-16T19:41:50.161Z'
}
{
  message: 'Application  listening on port 5000',
  level: 'info',
  service: 'user-service',
  label: 'right meow!',
  timestamp: '2023-06-16T19:41:50.170Z'
}
{
  message: '🛢   Database is connected successfully',
  level: 'info',
  service: 'user-service',
  label: 'right meow!',
  timestamp: '2023-06-16T19:42:38.673Z'
}
{
  message: 'Application  listening on port 5000',
  level: 'info',
  service: 'user-service',
  label: 'right meow!',
  timestamp: '2023-06-16T19:42:38.680Z'
}
