{
  message: 'connected to MongoDB',
  level: 'info',
  service: 'user-service',
  label: 'right meow!',
  timestamp: '2023-06-16T11:20:54.557Z'
}
{
  message: 'Application listening on port 5000',
  level: 'info',
  service: 'user-service',
  label: 'right meow!',
  timestamp: '2023-06-16T11:20:54.564Z'
}
{
  message: 'connected to MongoDB',
  level: 'info',
  service: 'user-service',
  label: 'right meow!',
  timestamp: '2023-06-16T11:21:16.056Z'
}
{
  message: 'Application listening on port 5000',
  level: 'info',
  service: 'user-service',
  label: 'right meow!',
  timestamp: '2023-06-16T11:21:16.062Z'
}
{
  message: 'connected to MongoDB',
  level: 'info',
  service: 'user-service',
  label: 'right meow!',
  timestamp: '2023-06-16T11:21:43.186Z'
}
{
  message: 'Application listening on port 5000',
  level: 'info',
  service: 'user-service',
  label: 'right meow!',
  timestamp: '2023-06-16T11:21:43.192Z'
}
{
  message: 'connected to MongoDB',
  level: 'info',
  service: 'user-service',
  label: 'right meow!',
  timestamp: '2023-06-16T11:22:29.565Z'
}
{
  message: 'Application listening on port 5000',
  level: 'info',
  service: 'user-service',
  label: 'right meow!',
  timestamp: '2023-06-16T11:22:29.571Z'
}
{
  message: 'connected to MongoDB',
  level: 'info',
  service: 'user-service',
  label: 'right meow!',
  timestamp: '2023-06-16T11:24:23.884Z'
}
{
  message: 'Application listening on port 5000',
  level: 'info',
  service: 'user-service',
  label: 'right meow!',
  timestamp: '2023-06-16T11:24:23.890Z'
}
{
  message: 'connected to MongoDB',
  level: 'info',
  service: 'user-service',
  label: 'right meow!',
  timestamp: '2023-06-16T11:24:45.209Z'
}
{
  message: 'Application listening on port 5000',
  level: 'info',
  service: 'user-service',
  label: 'right meow!',
  timestamp: '2023-06-16T11:24:45.216Z'
}
{
  message: 'connected to MongoDB',
  level: 'info',
  service: 'user-service',
  label: 'right meow!',
  timestamp: '2023-06-16T11:29:36.159Z'
}
{
  message: 'Application listening on port 5000',
  level: 'info',
  service: 'user-service',
  label: 'right meow!',
  timestamp: '2023-06-16T11:29:36.165Z'
}
{
  message: 'connected to MongoDB',
  level: 'info',
  service: 'user-service',
  label: 'right meow!',
  timestamp: '2023-06-16T11:30:14.707Z'
}
{
  message: 'Application listening on port 5000',
  level: 'info',
  service: 'user-service',
  label: 'right meow!',
  timestamp: '2023-06-16T11:30:14.713Z'
}
{
  message: 'connected to MongoDB',
  level: 'info',
  service: 'user-service',
  label: 'right meow!',
  timestamp: '2023-06-16T11:32:17.376Z'
}
{
  message: 'Application listening on port 5000',
  level: 'info',
  service: 'user-service',
  label: 'right meow!',
  timestamp: '2023-06-16T11:32:17.382Z'
}
{
  message: 'connected to MongoDB',
  level: 'info',
  service: 'user-service',
  label: 'right meow!',
  timestamp: '2023-06-16T11:33:21.953Z'
}
{
  message: 'Application listening on port 5000',
  level: 'info',
  service: 'user-service',
  label: 'right meow!',
  timestamp: '2023-06-16T11:33:21.959Z'
}
{
  message: 'connected to MongoDB',
  level: 'info',
  service: 'user-service',
  label: 'right meow!',
  timestamp: '2023-06-16T11:36:26.217Z'
}
{
  message: 'Application listening on port 5000',
  level: 'info',
  service: 'user-service',
  label: 'right meow!',
  timestamp: '2023-06-16T11:36:26.223Z'
}
{
  message: 'connected to MongoDB',
  level: 'info',
  service: 'user-service',
  label: 'right meow!',
  timestamp: '2023-06-16T11:37:01.524Z'
}
{
  message: 'Application listening on port 5000',
  level: 'info',
  service: 'user-service',
  label: 'right meow!',
  timestamp: '2023-06-16T11:37:01.529Z'
}
{
  message: 'connected to MongoDB',
  level: 'info',
  service: 'user-service',
  label: 'right meow!',
  timestamp: '2023-06-16T11:37:26.136Z'
}
{
  message: 'Application listening on port 5000',
  level: 'info',
  service: 'user-service',
  label: 'right meow!',
  timestamp: '2023-06-16T11:37:26.144Z'
}
{
  message: 'connected to MongoDB',
  level: 'info',
  service: 'user-service',
  label: 'right meow!',
  timestamp: '2023-06-16T11:37:42.472Z'
}
{
  message: 'Application listening on port 5000',
  level: 'info',
  service: 'user-service',
  label: 'right meow!',
  timestamp: '2023-06-16T11:37:42.479Z'
}
{
  message: 'connected to MongoDB',
  level: 'info',
  service: 'user-service',
  label: 'right meow!',
  timestamp: '2023-06-16T11:37:54.549Z'
}
{
  message: 'Application listening on port 5000',
  level: 'info',
  service: 'user-service',
  label: 'right meow!',
  timestamp: '2023-06-16T11:37:54.556Z'
}
{
  message: 'connected to MongoDB',
  level: 'info',
  service: 'user-service',
  label: 'right meow!',
  timestamp: '2023-06-16T11:38:38.061Z'
}
{
  message: 'Application listening on port 5000',
  level: 'info',
  service: 'user-service',
  label: 'right meow!',
  timestamp: '2023-06-16T11:38:38.067Z'
}
{
  message: 'connected to MongoDB',
  level: 'info',
  service: 'user-service',
  label: 'right meow!',
  timestamp: '2023-06-16T11:39:01.571Z'
}
{
  message: 'Application listening on port 5000',
  level: 'info',
  service: 'user-service',
  label: 'right meow!',
  timestamp: '2023-06-16T11:39:01.578Z'
}
{
  message: 'connected to MongoDB',
  level: 'info',
  service: 'user-service',
  label: 'right meow!',
  timestamp: '2023-06-16T11:39:24.987Z'
}
{
  message: 'Application listening on port 5000',
  level: 'info',
  service: 'user-service',
  label: 'right meow!',
  timestamp: '2023-06-16T11:39:24.993Z'
}
{
  message: 'connected to MongoDB',
  level: 'info',
  service: 'user-service',
  label: 'right meow!',
  timestamp: '2023-06-16T11:39:49.315Z'
}
{
  message: 'Application listening on port 5000',
  level: 'info',
  service: 'user-service',
  label: 'right meow!',
  timestamp: '2023-06-16T11:39:49.321Z'
}
{
  message: 'connected to MongoDB',
  level: 'info',
  service: 'user-service',
  label: 'right meow!',
  timestamp: '2023-06-16T11:40:30.552Z'
}
{
  message: 'Application listening on port 5000',
  level: 'info',
  service: 'user-service',
  label: 'right meow!',
  timestamp: '2023-06-16T11:40:30.558Z'
}
{
  message: 'connected to MongoDB',
  level: 'info',
  service: 'user-service',
  label: 'right meow!',
  timestamp: '2023-06-16T11:42:09.009Z'
}
{
  message: 'Application listening on port 5000',
  level: 'info',
  service: 'user-service',
  label: 'right meow!',
  timestamp: '2023-06-16T11:42:09.015Z'
}
{
  message: 'connected to MongoDB',
  level: 'info',
  service: 'user-service',
  label: 'right meow!',
  timestamp: '2023-06-16T11:42:59.062Z'
}
{
  message: 'Application listening on port 5000',
  level: 'info',
  service: 'user-service',
  label: 'right meow!',
  timestamp: '2023-06-16T11:42:59.070Z'
}
{
  message: 'connected to MongoDB',
  level: 'info',
  service: 'user-service',
  label: 'right meow!',
  timestamp: '2023-06-16T11:43:08.217Z'
}
{
  message: 'Application listening on port 5000',
  level: 'info',
  service: 'user-service',
  label: 'right meow!',
  timestamp: '2023-06-16T11:43:08.223Z'
}
{
  message: 'connected to MongoDB',
  level: 'info',
  service: 'user-service',
  label: 'right meow!',
  timestamp: '2023-06-16T11:44:32.792Z'
}
{
  message: 'Application listening on port 5000',
  level: 'info',
  service: 'user-service',
  label: 'right meow!',
  timestamp: '2023-06-16T11:44:32.798Z'
}
{
  message: 'connected to MongoDB',
  level: 'info',
  service: 'user-service',
  label: 'right meow!',
  timestamp: '2023-06-16T11:45:08.920Z'
}
{
  message: 'Application listening on port 5000',
  level: 'info',
  service: 'user-service',
  label: 'right meow!',
  timestamp: '2023-06-16T11:45:08.926Z'
}
{
  message: 'connected to MongoDB',
  level: 'info',
  service: 'user-service',
  label: 'right meow!',
  timestamp: '2023-06-16T11:48:01.081Z'
}
{
  message: 'Application listening on port 5000',
  level: 'info',
  service: 'user-service',
  label: 'right meow!',
  timestamp: '2023-06-16T11:48:01.087Z'
}
