{
  message: 'connected to MongoDB',
  level: 'info',
  service: 'user-service',
  label: 'right meow!',
  timestamp: '2023-06-16T18:08:00.464Z'
}
{
  message: 'Application listening on port 5000',
  level: 'info',
  service: 'user-service',
  label: 'right meow!',
  timestamp: '2023-06-16T18:08:00.471Z'
}
{
  message: 'connected to MongoDB',
  level: 'info',
  service: 'user-service',
  label: 'right meow!',
  timestamp: '2023-06-16T18:15:23.383Z'
}
{
  message: 'Application listening on port 5000',
  level: 'info',
  service: 'user-service',
  label: 'right meow!',
  timestamp: '2023-06-16T18:15:23.391Z'
}
{
  message: 'connected to MongoDB',
  level: 'info',
  service: 'user-service',
  label: 'right meow!',
  timestamp: '2023-06-16T18:15:36.963Z'
}
{
  message: 'Application listening on port 5000',
  level: 'info',
  service: 'user-service',
  label: 'right meow!',
  timestamp: '2023-06-16T18:15:36.970Z'
}
{
  message: 'connected to MongoDB',
  level: 'info',
  service: 'user-service',
  label: 'right meow!',
  timestamp: '2023-06-16T18:18:39.013Z'
}
{
  message: 'Application listening on port 5000',
  level: 'info',
  service: 'user-service',
  label: 'right meow!',
  timestamp: '2023-06-16T18:18:39.021Z'
}
{
  message: 'connected to MongoDB',
  level: 'info',
  service: 'user-service',
  label: 'right meow!',
  timestamp: '2023-06-16T18:48:11.884Z'
}
{
  message: 'Application listening on port 5000',
  level: 'info',
  service: 'user-service',
  label: 'right meow!',
  timestamp: '2023-06-16T18:48:11.891Z'
}
{
  message: 'connected to MongoDB',
  level: 'info',
  service: 'user-service',
  label: 'right meow!',
  timestamp: '2023-06-16T18:51:44.053Z'
}
{
  message: 'Application listening on port 5000',
  level: 'info',
  service: 'user-service',
  label: 'right meow!',
  timestamp: '2023-06-16T18:51:44.062Z'
}
{
  message: 'connected to MongoDB',
  level: 'info',
  service: 'user-service',
  label: 'right meow!',
  timestamp: '2023-06-16T18:53:04.754Z'
}
{
  message: 'Application listening on port 5000',
  level: 'info',
  service: 'user-service',
  label: 'right meow!',
  timestamp: '2023-06-16T18:53:04.761Z'
}
{
  message: 'connected to MongoDB',
  level: 'info',
  service: 'user-service',
  label: 'right meow!',
  timestamp: '2023-06-16T18:53:10.118Z'
}
{
  message: 'Application listening on port 5000',
  level: 'info',
  service: 'user-service',
  label: 'right meow!',
  timestamp: '2023-06-16T18:53:10.125Z'
}
{
  message: 'connected to MongoDB',
  level: 'info',
  service: 'user-service',
  label: 'right meow!',
  timestamp: '2023-06-16T18:53:57.932Z'
}
{
  message: 'Application listening on port 5000',
  level: 'info',
  service: 'user-service',
  label: 'right meow!',
  timestamp: '2023-06-16T18:53:57.939Z'
}
{
  message: 'connected to MongoDB',
  level: 'info',
  service: 'user-service',
  label: 'right meow!',
  timestamp: '2023-06-16T18:54:28.573Z'
}
{
  message: 'Application listening on port 5000',
  level: 'info',
  service: 'user-service',
  label: 'right meow!',
  timestamp: '2023-06-16T18:54:28.580Z'
}
{
  message: 'connected to MongoDB',
  level: 'info',
  service: 'user-service',
  label: 'right meow!',
  timestamp: '2023-06-16T18:59:58.431Z'
}
{
  message: 'Application listening on port 5000',
  level: 'info',
  service: 'user-service',
  label: 'right meow!',
  timestamp: '2023-06-16T18:59:58.438Z'
}
