{
  stringValue: '"648d66b008a804d7d1b3309"',
  messageFormat: undefined,
  kind: 'ObjectId',
  value: '648d66b008a804d7d1b3309',
  path: '_id',
  reason: BSONError: Argument passed in must be a string of 12 bytes or a string of 24 hex characters or an integer
      at new ObjectId (C:\Users\USER\Desktop\work\project\Maamun\tutorial\web2.0\noSql\module11\node_modules\bson\src\objectid.ts:88:15)
      at castObjectId (C:\Users\USER\Desktop\work\project\Maamun\tutorial\web2.0\noSql\module11\node_modules\mongoose\lib\cast\objectid.js:25:12)
      at ObjectId.cast (C:\Users\USER\Desktop\work\project\Maamun\tutorial\web2.0\noSql\module11\node_modules\mongoose\lib\schema\objectid.js:246:12)
      at ObjectId.SchemaType.applySetters (C:\Users\USER\Desktop\work\project\Maamun\tutorial\web2.0\noSql\module11\node_modules\mongoose\lib\schematype.js:1204:12)
      at ObjectId.SchemaType.castForQuery (C:\Users\USER\Desktop\work\project\Maamun\tutorial\web2.0\noSql\module11\node_modules\mongoose\lib\schematype.js:1616:15)
      at cast (C:\Users\USER\Desktop\work\project\Maamun\tutorial\web2.0\noSql\module11\node_modules\mongoose\lib\cast.js:348:32)
      at model.Query.Query.cast (C:\Users\USER\Desktop\work\project\Maamun\tutorial\web2.0\noSql\module11\node_modules\mongoose\lib\query.js:4874:12)
      at model.Query.Query._castConditions (C:\Users\USER\Desktop\work\project\Maamun\tutorial\web2.0\noSql\module11\node_modules\mongoose\lib\query.js:2210:10)
      at model.Query._findOne (C:\Users\USER\Desktop\work\project\Maamun\tutorial\web2.0\noSql\module11\node_modules\mongoose\lib\query.js:2497:8)
      at model.Query.exec (C:\Users\USER\Desktop\work\project\Maamun\tutorial\web2.0\noSql\module11\node_modules\mongoose\lib\query.js:4404:28),
  valueType: 'string',
  model: Model { AcademicSemester },
  level: 'error',
  service: 'user-service',
  label: 'right meow!',
  timestamp: '2023-06-18T01:55:20.184Z'
}
